<?xml version="1.0" encoding="UTF-8"?>
<testng-results ignored="0" total="1" passed="1" failed="0" skipped="0">
  <reporter-output>
  </reporter-output>
  <suite started-at="2021-01-20T20:04:44 IST" name="Default suite" finished-at="2021-01-20T20:06:20 IST" duration-ms="95482">
    <groups>
      <group name="cucumber">
        <method signature="AbstractTestNGCucumberTests.feature(cucumber.api.testng.CucumberFeatureWrapper)[pri:0, instance:cucumberOptions.TestRunner@49c386c8]" name="feature" class="cucumber.api.testng.AbstractTestNGCucumberTests"/>
      </group> <!-- cucumber -->
    </groups>
    <test started-at="2021-01-20T20:04:44 IST" name="Default test" finished-at="2021-01-20T20:06:20 IST" duration-ms="95482">
      <class name="cucumberOptions.TestRunner">
        <test-method is-config="true" signature="setUpClass()[pri:0, instance:cucumberOptions.TestRunner@49c386c8]" started-at="2021-01-20T20:04:44 IST" name="setUpClass" finished-at="2021-01-20T20:04:45 IST" duration-ms="391" status="PASS">
          <reporter-output>
          </reporter-output>
        </test-method> <!-- setUpClass -->
        <test-method signature="feature(cucumber.api.testng.CucumberFeatureWrapper)[pri:0, instance:cucumberOptions.TestRunner@49c386c8]" started-at="2021-01-20T20:04:45 IST" name="feature" description="Runs Cucumber Feature" data-provider="features" finished-at="2021-01-20T20:06:20 IST" duration-ms="94871" status="PASS">
          <params>
            <param index="0">
              <value>
                <![CDATA[Login into application]]>
              </value>
            </param>
          </params>
          <reporter-output>
          </reporter-output>
        </test-method> <!-- feature -->
        <test-method is-config="true" signature="tearDownClass()[pri:0, instance:cucumberOptions.TestRunner@49c386c8]" started-at="2021-01-20T20:06:20 IST" name="tearDownClass" finished-at="2021-01-20T20:06:20 IST" duration-ms="18" status="PASS">
          <reporter-output>
          </reporter-output>
        </test-method> <!-- tearDownClass -->
      </class> <!-- cucumberOptions.TestRunner -->
    </test> <!-- Default test -->
  </suite> <!-- Default suite -->
</testng-results>
